{"C:\\Rabo4aya\\GIT\\GOSLOTO.XYZ\\frontend\\src\\voice\\iceQueue.ts": {"path":"C:\\Rabo4aya\\GIT\\GOSLOTO.XYZ\\frontend\\src\\voice\\iceQueue.ts","all":false,"statementMap":{"7":{"start":{"line":8,"column":0},"end":{"line":8,"column":34}},"8":{"start":{"line":9,"column":0},"end":{"line":9,"column":25}},"9":{"start":{"line":10,"column":0},"end":{"line":10,"column":21}},"10":{"start":{"line":11,"column":0},"end":{"line":11,"column":33}},"11":{"start":{"line":12,"column":0},"end":{"line":12,"column":9}},"12":{"start":{"line":13,"column":0},"end":{"line":13,"column":49}},"13":{"start":{"line":14,"column":0},"end":{"line":14,"column":36}},"14":{"start":{"line":15,"column":0},"end":{"line":15,"column":1}},"17":{"start":{"line":18,"column":0},"end":{"line":18,"column":32}},"18":{"start":{"line":19,"column":0},"end":{"line":19,"column":25}},"19":{"start":{"line":20,"column":0},"end":{"line":20,"column":21}},"20":{"start":{"line":21,"column":0},"end":{"line":21,"column":49}},"21":{"start":{"line":22,"column":0},"end":{"line":22,"column":9}},"22":{"start":{"line":23,"column":0},"end":{"line":23,"column":33}},"23":{"start":{"line":24,"column":0},"end":{"line":24,"column":28}},"24":{"start":{"line":25,"column":0},"end":{"line":25,"column":27}},"25":{"start":{"line":26,"column":0},"end":{"line":26,"column":25}},"26":{"start":{"line":27,"column":0},"end":{"line":27,"column":20}},"27":{"start":{"line":28,"column":0},"end":{"line":28,"column":3}},"28":{"start":{"line":29,"column":0},"end":{"line":29,"column":1}},"30":{"start":{"line":31,"column":0},"end":{"line":31,"column":68}},"31":{"start":{"line":32,"column":0},"end":{"line":32,"column":39}},"32":{"start":{"line":33,"column":0},"end":{"line":33,"column":20}},"33":{"start":{"line":34,"column":0},"end":{"line":34,"column":3}},"34":{"start":{"line":35,"column":0},"end":{"line":35,"column":1}}},"s":{"7":1,"8":5,"9":5,"10":5,"11":5,"12":5,"13":5,"14":5,"17":1,"18":2,"19":2,"20":2,"21":2,"22":2,"23":2,"24":1,"25":1,"26":1,"27":1,"28":1,"30":1,"31":1,"32":2,"33":2,"34":1},"branchMap":{"0":{"type":"branch","line":8,"loc":{"start":{"line":8,"column":7},"end":{"line":15,"column":1}},"locations":[{"start":{"line":8,"column":7},"end":{"line":15,"column":1}}]},"1":{"type":"branch","line":13,"loc":{"start":{"line":13,"column":26},"end":{"line":13,"column":49}},"locations":[{"start":{"line":13,"column":26},"end":{"line":13,"column":49}}]},"2":{"type":"branch","line":18,"loc":{"start":{"line":18,"column":7},"end":{"line":29,"column":1}},"locations":[{"start":{"line":18,"column":7},"end":{"line":29,"column":1}}]},"3":{"type":"branch","line":24,"loc":{"start":{"line":24,"column":7},"end":{"line":24,"column":21}},"locations":[{"start":{"line":24,"column":7},"end":{"line":24,"column":21}}]},"4":{"type":"branch","line":24,"loc":{"start":{"line":24,"column":21},"end":{"line":29,"column":1}},"locations":[{"start":{"line":24,"column":21},"end":{"line":29,"column":1}}]},"5":{"type":"branch","line":31,"loc":{"start":{"line":31,"column":7},"end":{"line":35,"column":1}},"locations":[{"start":{"line":31,"column":7},"end":{"line":35,"column":1}}]},"6":{"type":"branch","line":32,"loc":{"start":{"line":32,"column":38},"end":{"line":34,"column":3}},"locations":[{"start":{"line":32,"column":38},"end":{"line":34,"column":3}}]}},"b":{"0":[5],"1":[4],"2":[2],"3":[1],"4":[1],"5":[1],"6":[2]},"fnMap":{"0":{"name":"enqueuePendingIce","decl":{"start":{"line":8,"column":7},"end":{"line":15,"column":1}},"loc":{"start":{"line":8,"column":7},"end":{"line":15,"column":1}},"line":8},"1":{"name":"drainPendingIce","decl":{"start":{"line":18,"column":7},"end":{"line":29,"column":1}},"loc":{"start":{"line":18,"column":7},"end":{"line":29,"column":1}},"line":18},"2":{"name":"clearPendingIceStore","decl":{"start":{"line":31,"column":7},"end":{"line":35,"column":1}},"loc":{"start":{"line":31,"column":7},"end":{"line":35,"column":1}},"line":31}},"f":{"0":5,"1":2,"2":1}}
,"C:\\Rabo4aya\\GIT\\GOSLOTO.XYZ\\frontend\\src\\voice\\rtcConfig.ts": {"path":"C:\\Rabo4aya\\GIT\\GOSLOTO.XYZ\\frontend\\src\\voice\\rtcConfig.ts","all":false,"statementMap":{"2":{"start":{"line":3,"column":0},"end":{"line":3,"column":76}},"4":{"start":{"line":5,"column":0},"end":{"line":5,"column":81}},"5":{"start":{"line":6,"column":0},"end":{"line":6,"column":30}},"6":{"start":{"line":7,"column":0},"end":{"line":7,"column":7}},"7":{"start":{"line":8,"column":0},"end":{"line":8,"column":46}},"8":{"start":{"line":9,"column":0},"end":{"line":9,"column":42}},"9":{"start":{"line":10,"column":0},"end":{"line":10,"column":52}},"10":{"start":{"line":11,"column":0},"end":{"line":11,"column":59}},"11":{"start":{"line":12,"column":0},"end":{"line":12,"column":118}},"12":{"start":{"line":13,"column":0},"end":{"line":13,"column":7}},"13":{"start":{"line":14,"column":0},"end":{"line":14,"column":11}},"14":{"start":{"line":15,"column":0},"end":{"line":15,"column":14}},"15":{"start":{"line":16,"column":0},"end":{"line":16,"column":3}},"16":{"start":{"line":17,"column":0},"end":{"line":17,"column":1}},"18":{"start":{"line":19,"column":0},"end":{"line":19,"column":64}},"19":{"start":{"line":20,"column":0},"end":{"line":20,"column":13}},"20":{"start":{"line":21,"column":0},"end":{"line":21,"column":42}},"21":{"start":{"line":22,"column":0},"end":{"line":22,"column":64}},"22":{"start":{"line":23,"column":0},"end":{"line":23,"column":18}},"23":{"start":{"line":24,"column":0},"end":{"line":24,"column":44}},"24":{"start":{"line":25,"column":0},"end":{"line":25,"column":10}},"25":{"start":{"line":26,"column":0},"end":{"line":26,"column":41}},"26":{"start":{"line":27,"column":0},"end":{"line":27,"column":4}},"27":{"start":{"line":28,"column":0},"end":{"line":28,"column":1}}},"s":{"2":1,"4":1,"5":14,"6":10,"7":10,"8":14,"9":7,"10":10,"11":10,"12":7,"13":14,"14":1,"15":1,"16":14,"18":1,"19":2,"20":2,"21":2,"22":0,"23":2,"24":2,"25":2,"26":2,"27":2},"branchMap":{"0":{"type":"branch","line":5,"loc":{"start":{"line":5,"column":7},"end":{"line":17,"column":1}},"locations":[{"start":{"line":5,"column":7},"end":{"line":17,"column":1}}]},"1":{"type":"branch","line":6,"loc":{"start":{"line":6,"column":7},"end":{"line":6,"column":17}},"locations":[{"start":{"line":6,"column":7},"end":{"line":6,"column":17}}]},"2":{"type":"branch","line":6,"loc":{"start":{"line":6,"column":20},"end":{"line":6,"column":30}},"locations":[{"start":{"line":6,"column":20},"end":{"line":6,"column":30}}]},"3":{"type":"branch","line":6,"loc":{"start":{"line":6,"column":28},"end":{"line":9,"column":39}},"locations":[{"start":{"line":6,"column":28},"end":{"line":9,"column":39}}]},"4":{"type":"branch","line":9,"loc":{"start":{"line":9,"column":32},"end":{"line":9,"column":42}},"locations":[{"start":{"line":9,"column":32},"end":{"line":9,"column":42}}]},"5":{"type":"branch","line":9,"loc":{"start":{"line":9,"column":40},"end":{"line":14,"column":10}},"locations":[{"start":{"line":9,"column":40},"end":{"line":14,"column":10}}]},"6":{"type":"branch","line":14,"loc":{"start":{"line":14,"column":2},"end":{"line":16,"column":3}},"locations":[{"start":{"line":14,"column":2},"end":{"line":16,"column":3}}]},"7":{"type":"branch","line":10,"loc":{"start":{"line":10,"column":25},"end":{"line":13,"column":5}},"locations":[{"start":{"line":10,"column":25},"end":{"line":13,"column":5}}]},"8":{"type":"branch","line":11,"loc":{"start":{"line":11,"column":15},"end":{"line":11,"column":46}},"locations":[{"start":{"line":11,"column":15},"end":{"line":11,"column":46}}]},"9":{"type":"branch","line":11,"loc":{"start":{"line":11,"column":46},"end":{"line":11,"column":59}},"locations":[{"start":{"line":11,"column":46},"end":{"line":11,"column":59}}]},"10":{"type":"branch","line":11,"loc":{"start":{"line":11,"column":53},"end":{"line":12,"column":29}},"locations":[{"start":{"line":11,"column":53},"end":{"line":12,"column":29}}]},"11":{"type":"branch","line":12,"loc":{"start":{"line":12,"column":23},"end":{"line":12,"column":118}},"locations":[{"start":{"line":12,"column":23},"end":{"line":12,"column":118}}]},"12":{"type":"branch","line":12,"loc":{"start":{"line":12,"column":65},"end":{"line":12,"column":118}},"locations":[{"start":{"line":12,"column":65},"end":{"line":12,"column":118}}]},"13":{"type":"branch","line":19,"loc":{"start":{"line":19,"column":7},"end":{"line":28,"column":1}},"locations":[{"start":{"line":19,"column":7},"end":{"line":28,"column":1}}]},"14":{"type":"branch","line":22,"loc":{"start":{"line":22,"column":25},"end":{"line":23,"column":18}},"locations":[{"start":{"line":22,"column":25},"end":{"line":23,"column":18}}]}},"b":{"0":[14],"1":[13],"2":[4],"3":[10],"4":[2],"5":[7],"6":[1],"7":[10],"8":[9],"9":[2],"10":[8],"11":[6],"12":[2],"13":[2],"14":[0]},"fnMap":{"0":{"name":"parseIceServersFromEnv","decl":{"start":{"line":5,"column":7},"end":{"line":17,"column":1}},"loc":{"start":{"line":5,"column":7},"end":{"line":17,"column":1}},"line":5},"1":{"name":"buildVoiceRtcConfiguration","decl":{"start":{"line":19,"column":7},"end":{"line":28,"column":1}},"loc":{"start":{"line":19,"column":7},"end":{"line":28,"column":1}},"line":19}},"f":{"0":14,"1":2}}
,"C:\\Rabo4aya\\GIT\\GOSLOTO.XYZ\\frontend\\src\\voice\\voiceDiagnose.ts": {"path":"C:\\Rabo4aya\\GIT\\GOSLOTO.XYZ\\frontend\\src\\voice\\voiceDiagnose.ts","all":false,"statementMap":{"14":{"start":{"line":15,"column":0},"end":{"line":15,"column":79}},"16":{"start":{"line":17,"column":0},"end":{"line":17,"column":67}},"17":{"start":{"line":18,"column":0},"end":{"line":18,"column":10}},"18":{"start":{"line":19,"column":0},"end":{"line":19,"column":38}},"19":{"start":{"line":20,"column":0},"end":{"line":20,"column":24}},"20":{"start":{"line":21,"column":0},"end":{"line":21,"column":16}},"21":{"start":{"line":22,"column":0},"end":{"line":22,"column":137}},"22":{"start":{"line":23,"column":0},"end":{"line":23,"column":17}},"23":{"start":{"line":24,"column":0},"end":{"line":24,"column":167}},"24":{"start":{"line":25,"column":0},"end":{"line":25,"column":4}},"25":{"start":{"line":26,"column":0},"end":{"line":26,"column":1}},"27":{"start":{"line":28,"column":0},"end":{"line":28,"column":74}},"28":{"start":{"line":29,"column":0},"end":{"line":29,"column":21}},"29":{"start":{"line":30,"column":0},"end":{"line":30,"column":27}},"30":{"start":{"line":31,"column":0},"end":{"line":31,"column":14}},"31":{"start":{"line":32,"column":0},"end":{"line":32,"column":42}},"32":{"start":{"line":33,"column":0},"end":{"line":33,"column":28}},"33":{"start":{"line":34,"column":0},"end":{"line":34,"column":95}},"34":{"start":{"line":35,"column":0},"end":{"line":35,"column":21}},"35":{"start":{"line":36,"column":0},"end":{"line":36,"column":167}},"36":{"start":{"line":37,"column":0},"end":{"line":37,"column":26}},"37":{"start":{"line":38,"column":0},"end":{"line":38,"column":32}},"38":{"start":{"line":39,"column":0},"end":{"line":39,"column":8}},"39":{"start":{"line":40,"column":0},"end":{"line":40,"column":25}},"40":{"start":{"line":41,"column":0},"end":{"line":41,"column":14}},"41":{"start":{"line":42,"column":0},"end":{"line":42,"column":40}},"42":{"start":{"line":43,"column":0},"end":{"line":43,"column":28}},"43":{"start":{"line":44,"column":0},"end":{"line":44,"column":71}},"44":{"start":{"line":45,"column":0},"end":{"line":45,"column":102}},"45":{"start":{"line":46,"column":0},"end":{"line":46,"column":26}},"46":{"start":{"line":47,"column":0},"end":{"line":47,"column":32}},"47":{"start":{"line":48,"column":0},"end":{"line":48,"column":8}},"48":{"start":{"line":49,"column":0},"end":{"line":49,"column":29}},"49":{"start":{"line":50,"column":0},"end":{"line":50,"column":14}},"50":{"start":{"line":51,"column":0},"end":{"line":51,"column":44}},"51":{"start":{"line":52,"column":0},"end":{"line":52,"column":28}},"52":{"start":{"line":53,"column":0},"end":{"line":53,"column":111}},"53":{"start":{"line":54,"column":0},"end":{"line":54,"column":96}},"54":{"start":{"line":55,"column":0},"end":{"line":55,"column":26}},"55":{"start":{"line":56,"column":0},"end":{"line":56,"column":32}},"56":{"start":{"line":57,"column":0},"end":{"line":57,"column":8}},"57":{"start":{"line":58,"column":0},"end":{"line":58,"column":22}},"58":{"start":{"line":59,"column":0},"end":{"line":59,"column":14}},"59":{"start":{"line":60,"column":0},"end":{"line":60,"column":36}},"60":{"start":{"line":61,"column":0},"end":{"line":61,"column":28}},"61":{"start":{"line":62,"column":0},"end":{"line":62,"column":62}},"62":{"start":{"line":63,"column":0},"end":{"line":63,"column":109}},"63":{"start":{"line":64,"column":0},"end":{"line":64,"column":26}},"64":{"start":{"line":65,"column":0},"end":{"line":65,"column":32}},"65":{"start":{"line":66,"column":0},"end":{"line":66,"column":8}},"66":{"start":{"line":67,"column":0},"end":{"line":67,"column":12}},"67":{"start":{"line":68,"column":0},"end":{"line":68,"column":18}},"68":{"start":{"line":69,"column":0},"end":{"line":69,"column":3}},"69":{"start":{"line":70,"column":0},"end":{"line":70,"column":1}},"71":{"start":{"line":72,"column":0},"end":{"line":72,"column":75}},"72":{"start":{"line":73,"column":0},"end":{"line":73,"column":75}},"73":{"start":{"line":74,"column":0},"end":{"line":74,"column":45}},"74":{"start":{"line":75,"column":0},"end":{"line":75,"column":28}},"75":{"start":{"line":76,"column":0},"end":{"line":76,"column":12}},"76":{"start":{"line":77,"column":0},"end":{"line":77,"column":36}},"77":{"start":{"line":78,"column":0},"end":{"line":78,"column":26}},"78":{"start":{"line":79,"column":0},"end":{"line":79,"column":63}},"79":{"start":{"line":80,"column":0},"end":{"line":80,"column":121}},"80":{"start":{"line":81,"column":0},"end":{"line":81,"column":24}},"81":{"start":{"line":82,"column":0},"end":{"line":82,"column":30}},"82":{"start":{"line":83,"column":0},"end":{"line":83,"column":6}},"83":{"start":{"line":84,"column":0},"end":{"line":84,"column":3}},"84":{"start":{"line":85,"column":0},"end":{"line":85,"column":29}},"85":{"start":{"line":86,"column":0},"end":{"line":86,"column":12}},"86":{"start":{"line":87,"column":0},"end":{"line":87,"column":36}},"87":{"start":{"line":88,"column":0},"end":{"line":88,"column":26}},"88":{"start":{"line":89,"column":0},"end":{"line":89,"column":74}},"89":{"start":{"line":90,"column":0},"end":{"line":90,"column":121}},"90":{"start":{"line":91,"column":0},"end":{"line":91,"column":30}},"91":{"start":{"line":92,"column":0},"end":{"line":92,"column":6}},"92":{"start":{"line":93,"column":0},"end":{"line":93,"column":3}},"93":{"start":{"line":94,"column":0},"end":{"line":94,"column":10}},"94":{"start":{"line":95,"column":0},"end":{"line":95,"column":34}},"95":{"start":{"line":96,"column":0},"end":{"line":96,"column":24}},"96":{"start":{"line":97,"column":0},"end":{"line":97,"column":61}},"97":{"start":{"line":98,"column":0},"end":{"line":98,"column":65}},"98":{"start":{"line":99,"column":0},"end":{"line":99,"column":28}},"99":{"start":{"line":100,"column":0},"end":{"line":100,"column":4}},"100":{"start":{"line":101,"column":0},"end":{"line":101,"column":1}}},"s":{"14":1,"16":1,"17":1,"18":1,"19":1,"20":1,"21":1,"22":1,"23":1,"24":1,"25":1,"27":7,"28":7,"29":7,"30":1,"31":1,"32":1,"33":1,"34":1,"35":1,"36":1,"37":1,"38":1,"39":7,"40":1,"41":1,"42":1,"43":1,"44":1,"45":1,"46":1,"47":1,"48":7,"49":1,"50":1,"51":1,"52":1,"53":1,"54":1,"55":1,"56":1,"57":7,"58":1,"59":1,"60":1,"61":1,"62":1,"63":1,"64":1,"65":1,"66":7,"67":3,"68":7,"69":7,"71":1,"72":11,"73":7,"74":7,"75":3,"76":3,"77":3,"78":7,"79":7,"80":7,"81":7,"82":7,"83":7,"84":11,"85":1,"86":1,"87":1,"88":1,"89":1,"90":1,"91":1,"92":1,"93":3,"94":3,"95":3,"96":3,"97":3,"98":3,"99":3,"100":3},"branchMap":{"0":{"type":"branch","line":17,"loc":{"start":{"line":17,"column":7},"end":{"line":26,"column":1}},"locations":[{"start":{"line":17,"column":7},"end":{"line":26,"column":1}}]},"1":{"type":"branch","line":28,"loc":{"start":{"line":28,"column":0},"end":{"line":70,"column":1}},"locations":[{"start":{"line":28,"column":0},"end":{"line":70,"column":1}}]},"2":{"type":"branch","line":30,"loc":{"start":{"line":30,"column":4},"end":{"line":39,"column":8}},"locations":[{"start":{"line":30,"column":4},"end":{"line":39,"column":8}}]},"3":{"type":"branch","line":40,"loc":{"start":{"line":40,"column":4},"end":{"line":48,"column":8}},"locations":[{"start":{"line":40,"column":4},"end":{"line":48,"column":8}}]},"4":{"type":"branch","line":49,"loc":{"start":{"line":49,"column":4},"end":{"line":57,"column":8}},"locations":[{"start":{"line":49,"column":4},"end":{"line":57,"column":8}}]},"5":{"type":"branch","line":58,"loc":{"start":{"line":58,"column":4},"end":{"line":66,"column":8}},"locations":[{"start":{"line":58,"column":4},"end":{"line":66,"column":8}}]},"6":{"type":"branch","line":67,"loc":{"start":{"line":67,"column":4},"end":{"line":68,"column":18}},"locations":[{"start":{"line":67,"column":4},"end":{"line":68,"column":18}}]},"7":{"type":"branch","line":72,"loc":{"start":{"line":72,"column":7},"end":{"line":101,"column":1}},"locations":[{"start":{"line":72,"column":7},"end":{"line":101,"column":1}}]},"8":{"type":"branch","line":73,"loc":{"start":{"line":73,"column":74},"end":{"line":84,"column":3}},"locations":[{"start":{"line":73,"column":74},"end":{"line":84,"column":3}}]},"9":{"type":"branch","line":75,"loc":{"start":{"line":75,"column":15},"end":{"line":75,"column":28}},"locations":[{"start":{"line":75,"column":15},"end":{"line":75,"column":28}}]},"10":{"type":"branch","line":75,"loc":{"start":{"line":75,"column":22},"end":{"line":79,"column":50}},"locations":[{"start":{"line":75,"column":22},"end":{"line":79,"column":50}}]},"11":{"type":"branch","line":79,"loc":{"start":{"line":79,"column":42},"end":{"line":79,"column":59}},"locations":[{"start":{"line":79,"column":42},"end":{"line":79,"column":59}}]},"12":{"type":"branch","line":84,"loc":{"start":{"line":84,"column":2},"end":{"line":85,"column":28}},"locations":[{"start":{"line":84,"column":2},"end":{"line":85,"column":28}}]},"13":{"type":"branch","line":85,"loc":{"start":{"line":85,"column":28},"end":{"line":93,"column":3}},"locations":[{"start":{"line":85,"column":28},"end":{"line":93,"column":3}}]},"14":{"type":"branch","line":93,"loc":{"start":{"line":93,"column":2},"end":{"line":101,"column":1}},"locations":[{"start":{"line":93,"column":2},"end":{"line":101,"column":1}}]}},"b":{"0":[1],"1":[7],"2":[1],"3":[1],"4":[1],"5":[1],"6":[3],"7":[11],"8":[7],"9":[4],"10":[3],"11":[1],"12":[4],"13":[1],"14":[3]},"fnMap":{"0":{"name":"diagnoseDisplayMediaUnavailable","decl":{"start":{"line":17,"column":7},"end":{"line":26,"column":1}},"loc":{"start":{"line":17,"column":7},"end":{"line":26,"column":1}},"line":17},"1":{"name":"pickKnownDomException","decl":{"start":{"line":28,"column":0},"end":{"line":70,"column":1}},"loc":{"start":{"line":28,"column":0},"end":{"line":70,"column":1}},"line":28},"2":{"name":"diagnoseDisplayMediaFailure","decl":{"start":{"line":72,"column":7},"end":{"line":101,"column":1}},"loc":{"start":{"line":72,"column":7},"end":{"line":101,"column":1}},"line":72}},"f":{"0":1,"1":7,"2":11}}
}
